2022-01-18T18:35:09.768405Z 0 [Warning] InnoDB: New log files created, LSN=45790
2022-01-18T18:35:09.824380Z 0 [Warning] InnoDB: Creating foreign key constraint system tables.
2022-01-18T18:35:09.900255Z 0 [Warning] No existing UUID has been found, so we assume that this is the first time that this server has been started. Generating a new UUID: 5dad2bf0-788d-11ec-a46f-7085c2a8d15b.
2022-01-18T18:35:09.907387Z 0 [Warning] Gtid table is not ready to be used. Table 'mysql.gtid_executed' cannot be opened.
2022-01-18T18:35:11.440167Z 0 [Warning] CA certificate ca.pem is self signed.
2022-01-18T18:35:11.723530Z 1 [Warning] root@localhost is created with an empty password ! Please consider switching off the --initialize-insecure option.
2022-01-19T07:11:33.847406Z 0 [Warning] Insecure configuration for --secure-file-priv: Current value does not restrict location of generated files. Consider setting it to a valid, non-empty path.
2022-01-19T07:11:33.847817Z 0 [Note] D:\DevWork\laragon\bin\mysql\mysql-5.7.33-winx64\bin\mysqld (mysqld 5.7.33) starting as process 6372 ...
2022-01-19T07:11:33.868938Z 0 [Note] InnoDB: Mutexes and rw_locks use Windows interlocked functions
2022-01-19T07:11:33.869715Z 0 [Note] InnoDB: Uses event mutexes
2022-01-19T07:11:33.870144Z 0 [Note] InnoDB: _mm_lfence() and _mm_sfence() are used for memory barrier
2022-01-19T07:11:33.870779Z 0 [Note] InnoDB: Compressed tables use zlib 1.2.11
2022-01-19T07:11:33.871606Z 0 [Note] InnoDB: Number of pools: 1
2022-01-19T07:11:33.872159Z 0 [Note] InnoDB: Not using CPU crc32 instructions
2022-01-19T07:11:33.875426Z 0 [Note] InnoDB: Initializing buffer pool, total size = 128M, instances = 1, chunk size = 128M
2022-01-19T07:11:33.881662Z 0 [Note] InnoDB: Completed initialization of buffer pool
2022-01-19T07:11:33.909484Z 0 [Note] InnoDB: Highest supported file format is Barracuda.
2022-01-19T07:11:33.954844Z 0 [Note] InnoDB: Creating shared tablespace for temporary tables
2022-01-19T07:11:33.955713Z 0 [Note] InnoDB: Setting file '.\ibtmp1' size to 12 MB. Physically writing the file full; Please wait ...
2022-01-19T07:11:33.982213Z 0 [Note] InnoDB: File '.\ibtmp1' size is now 12 MB.
2022-01-19T07:11:33.989734Z 0 [Note] InnoDB: 96 redo rollback segment(s) found. 96 redo rollback segment(s) are active.
2022-01-19T07:11:33.990569Z 0 [Note] InnoDB: 32 non-redo rollback segment(s) are active.
2022-01-19T07:11:33.991502Z 0 [Note] InnoDB: Waiting for purge to start
2022-01-19T07:11:34.054373Z 0 [Note] InnoDB: 5.7.33 started; log sequence number 2747049
2022-01-19T07:11:34.055323Z 0 [Note] InnoDB: Loading buffer pool(s) from D:\DevWork\Git\sandbox\mysql\ib_buffer_pool
2022-01-19T07:11:34.055383Z 0 [Note] Plugin 'FEDERATED' is disabled.
2022-01-19T07:11:34.063430Z 0 [Note] Found ca.pem, server-cert.pem and server-key.pem in data directory. Trying to enable SSL support using them.
2022-01-19T07:11:34.064404Z 0 [Note] Skipping generation of SSL certificates as certificate files are present in data directory.
2022-01-19T07:11:34.066552Z 0 [Warning] CA certificate ca.pem is self signed.
2022-01-19T07:11:34.067209Z 0 [Note] Skipping generation of RSA key pair as key files are present in data directory.
2022-01-19T07:11:34.068160Z 0 [Note] Server hostname (bind-address): '*'; port: 3306
2022-01-19T07:11:34.068890Z 0 [Note] IPv6 is available.
2022-01-19T07:11:34.069293Z 0 [Note]   - '::' resolves to '::';
2022-01-19T07:11:34.069785Z 0 [Note] Server socket created on IP: '::'.
2022-01-19T07:11:34.073765Z 0 [Note] InnoDB: Buffer pool(s) load completed at 220119  8:11:34
2022-01-19T07:11:34.096809Z 0 [Note] D:\DevWork\laragon\bin\mysql\mysql-5.7.33-winx64\bin\mysqld: ready for connections.
Version: '5.7.33'  socket: ''  port: 3306  MySQL Community Server (GPL)
2022-01-19T07:11:42.843959Z 0 [Note] D:\DevWork\laragon\bin\mysql\mysql-5.7.33-winx64\bin\mysqld: Normal shutdown

2022-01-19T07:11:42.844933Z 0 [Note] Giving 0 client threads a chance to die gracefully
2022-01-19T07:11:42.845484Z 0 [Note] Shutting down slave threads
2022-01-19T07:11:42.846233Z 0 [Note] Forcefully disconnecting 0 remaining clients
2022-01-19T07:11:42.847093Z 0 [Note] Binlog end
2022-01-19T07:11:42.848361Z 0 [Note] Shutting down plugin 'ngram'
2022-01-19T07:11:42.849102Z 0 [Note] Shutting down plugin 'partition'
2022-01-19T07:11:42.849858Z 0 [Note] Shutting down plugin 'BLACKHOLE'
2022-01-19T07:11:42.850425Z 0 [Note] Shutting down plugin 'ARCHIVE'
2022-01-19T07:11:42.850969Z 0 [Note] Shutting down plugin 'PERFORMANCE_SCHEMA'
2022-01-19T07:11:42.851659Z 0 [Note] Shutting down plugin 'MRG_MYISAM'
2022-01-19T07:11:42.852236Z 0 [Note] Shutting down plugin 'MyISAM'
2022-01-19T07:11:42.852802Z 0 [Note] Shutting down plugin 'INNODB_SYS_VIRTUAL'
2022-01-19T07:11:42.853401Z 0 [Note] Shutting down plugin 'INNODB_SYS_DATAFILES'
2022-01-19T07:11:42.854054Z 0 [Note] Shutting down plugin 'INNODB_SYS_TABLESPACES'
2022-01-19T07:11:42.854712Z 0 [Note] Shutting down plugin 'INNODB_SYS_FOREIGN_COLS'
2022-01-19T07:11:42.855421Z 0 [Note] Shutting down plugin 'INNODB_SYS_FOREIGN'
2022-01-19T07:11:42.855942Z 0 [Note] Shutting down plugin 'INNODB_SYS_FIELDS'
2022-01-19T07:11:42.856391Z 0 [Note] Shutting down plugin 'INNODB_SYS_COLUMNS'
2022-01-19T07:11:42.856850Z 0 [Note] Shutting down plugin 'INNODB_SYS_INDEXES'
2022-01-19T07:11:42.857321Z 0 [Note] Shutting down plugin 'INNODB_SYS_TABLESTATS'
2022-01-19T07:11:42.858017Z 0 [Note] Shutting down plugin 'INNODB_SYS_TABLES'
2022-01-19T07:11:42.858639Z 0 [Note] Shutting down plugin 'INNODB_FT_INDEX_TABLE'
2022-01-19T07:11:42.859234Z 0 [Note] Shutting down plugin 'INNODB_FT_INDEX_CACHE'
2022-01-19T07:11:42.859844Z 0 [Note] Shutting down plugin 'INNODB_FT_CONFIG'
2022-01-19T07:11:42.860391Z 0 [Note] Shutting down plugin 'INNODB_FT_BEING_DELETED'
2022-01-19T07:11:42.860976Z 0 [Note] Shutting down plugin 'INNODB_FT_DELETED'
2022-01-19T07:11:42.861513Z 0 [Note] Shutting down plugin 'INNODB_FT_DEFAULT_STOPWORD'
2022-01-19T07:11:42.862200Z 0 [Note] Shutting down plugin 'INNODB_METRICS'
2022-01-19T07:11:42.862633Z 0 [Note] Shutting down plugin 'INNODB_TEMP_TABLE_INFO'
2022-01-19T07:11:42.863100Z 0 [Note] Shutting down plugin 'INNODB_BUFFER_POOL_STATS'
2022-01-19T07:11:42.863584Z 0 [Note] Shutting down plugin 'INNODB_BUFFER_PAGE_LRU'
2022-01-19T07:11:42.864057Z 0 [Note] Shutting down plugin 'INNODB_BUFFER_PAGE'
2022-01-19T07:11:42.864501Z 0 [Note] Shutting down plugin 'INNODB_CMP_PER_INDEX_RESET'
2022-01-19T07:11:42.864988Z 0 [Note] Shutting down plugin 'INNODB_CMP_PER_INDEX'
2022-01-19T07:11:42.865462Z 0 [Note] Shutting down plugin 'INNODB_CMPMEM_RESET'
2022-01-19T07:11:42.865913Z 0 [Note] Shutting down plugin 'INNODB_CMPMEM'
2022-01-19T07:11:42.866338Z 0 [Note] Shutting down plugin 'INNODB_CMP_RESET'
2022-01-19T07:11:42.866782Z 0 [Note] Shutting down plugin 'INNODB_CMP'
2022-01-19T07:11:42.867201Z 0 [Note] Shutting down plugin 'INNODB_LOCK_WAITS'
2022-01-19T07:11:42.867640Z 0 [Note] Shutting down plugin 'INNODB_LOCKS'
2022-01-19T07:11:42.868045Z 0 [Note] Shutting down plugin 'INNODB_TRX'
2022-01-19T07:11:42.868437Z 0 [Note] Shutting down plugin 'InnoDB'
2022-01-19T07:11:42.868856Z 0 [Note] InnoDB: FTS optimize thread exiting.
2022-01-19T07:11:42.869313Z 0 [Note] InnoDB: Starting shutdown...
2022-01-19T07:11:42.973823Z 0 [Note] InnoDB: Dumping buffer pool(s) to D:\DevWork\Git\sandbox\mysql\ib_buffer_pool
2022-01-19T07:11:42.975092Z 0 [Note] InnoDB: Buffer pool(s) dump completed at 220119  8:11:42
2022-01-19T07:11:43.531651Z 0 [Note] InnoDB: Shutdown completed; log sequence number 2747077
2022-01-19T07:11:43.532647Z 0 [Note] InnoDB: Removed temporary tablespace data file: "ibtmp1"
2022-01-19T07:11:43.533323Z 0 [Note] Shutting down plugin 'MEMORY'
2022-01-19T07:11:43.533760Z 0 [Note] Shutting down plugin 'CSV'
2022-01-19T07:11:43.534126Z 0 [Note] Shutting down plugin 'sha256_password'
2022-01-19T07:11:43.534551Z 0 [Note] Shutting down plugin 'mysql_native_password'
2022-01-19T07:11:43.535127Z 0 [Note] Shutting down plugin 'binlog'
2022-01-19T07:11:43.537880Z 0 [Note] D:\DevWork\laragon\bin\mysql\mysql-5.7.33-winx64\bin\mysqld: Shutdown complete

2022-01-19T12:26:09.863679Z 0 [Warning] Insecure configuration for --secure-file-priv: Current value does not restrict location of generated files. Consider setting it to a valid, non-empty path.
2022-01-19T12:26:09.864049Z 0 [Note] D:\DevWork\laragon\bin\mysql\mysql-5.7.33-winx64\bin\mysqld (mysqld 5.7.33) starting as process 16336 ...
2022-01-19T12:26:09.880777Z 0 [Note] InnoDB: Mutexes and rw_locks use Windows interlocked functions
2022-01-19T12:26:09.881573Z 0 [Note] InnoDB: Uses event mutexes
2022-01-19T12:26:09.882007Z 0 [Note] InnoDB: _mm_lfence() and _mm_sfence() are used for memory barrier
2022-01-19T12:26:09.882651Z 0 [Note] InnoDB: Compressed tables use zlib 1.2.11
2022-01-19T12:26:09.883526Z 0 [Note] InnoDB: Number of pools: 1
2022-01-19T12:26:09.884072Z 0 [Note] InnoDB: Not using CPU crc32 instructions
2022-01-19T12:26:09.887304Z 0 [Note] InnoDB: Initializing buffer pool, total size = 128M, instances = 1, chunk size = 128M
2022-01-19T12:26:09.893433Z 0 [Note] InnoDB: Completed initialization of buffer pool
2022-01-19T12:26:09.918140Z 0 [Note] InnoDB: Highest supported file format is Barracuda.
2022-01-19T12:26:10.007214Z 0 [Note] InnoDB: Creating shared tablespace for temporary tables
2022-01-19T12:26:10.008104Z 0 [Note] InnoDB: Setting file '.\ibtmp1' size to 12 MB. Physically writing the file full; Please wait ...
2022-01-19T12:26:10.035755Z 0 [Note] InnoDB: File '.\ibtmp1' size is now 12 MB.
2022-01-19T12:26:10.045710Z 0 [Note] InnoDB: 96 redo rollback segment(s) found. 96 redo rollback segment(s) are active.
2022-01-19T12:26:10.046588Z 0 [Note] InnoDB: 32 non-redo rollback segment(s) are active.
2022-01-19T12:26:10.047554Z 0 [Note] InnoDB: Waiting for purge to start
2022-01-19T12:26:10.112826Z 0 [Note] InnoDB: 5.7.33 started; log sequence number 3179282
2022-01-19T12:26:10.113797Z 0 [Note] InnoDB: Loading buffer pool(s) from D:\DevWork\Git\sandbox\mysql\ib_buffer_pool
2022-01-19T12:26:10.113862Z 0 [Note] Plugin 'FEDERATED' is disabled.
2022-01-19T12:26:10.121287Z 0 [Note] Found ca.pem, server-cert.pem and server-key.pem in data directory. Trying to enable SSL support using them.
2022-01-19T12:26:10.122286Z 0 [Note] Skipping generation of SSL certificates as certificate files are present in data directory.
2022-01-19T12:26:10.124422Z 0 [Warning] CA certificate ca.pem is self signed.
2022-01-19T12:26:10.125073Z 0 [Note] Skipping generation of RSA key pair as key files are present in data directory.
2022-01-19T12:26:10.126046Z 0 [Note] Server hostname (bind-address): '*'; port: 3306
2022-01-19T12:26:10.126773Z 0 [Note] IPv6 is available.
2022-01-19T12:26:10.127170Z 0 [Note]   - '::' resolves to '::';
2022-01-19T12:26:10.127679Z 0 [Note] Server socket created on IP: '::'.
2022-01-19T12:26:10.143511Z 0 [Note] InnoDB: Buffer pool(s) load completed at 220119 13:26:10
2022-01-19T12:26:10.155876Z 0 [Note] D:\DevWork\laragon\bin\mysql\mysql-5.7.33-winx64\bin\mysqld: ready for connections.
Version: '5.7.33'  socket: ''  port: 3306  MySQL Community Server (GPL)
2022-01-19T12:26:18.815321Z 0 [Note] D:\DevWork\laragon\bin\mysql\mysql-5.7.33-winx64\bin\mysqld: Normal shutdown

2022-01-19T12:26:18.816234Z 0 [Note] Giving 0 client threads a chance to die gracefully
2022-01-19T12:26:18.816751Z 0 [Note] Shutting down slave threads
2022-01-19T12:26:18.817133Z 0 [Note] Forcefully disconnecting 0 remaining clients
2022-01-19T12:26:18.817747Z 0 [Note] Binlog end
2022-01-19T12:26:18.818624Z 0 [Note] Shutting down plugin 'ngram'
2022-01-19T12:26:18.819028Z 0 [Note] Shutting down plugin 'partition'
2022-01-19T12:26:18.819443Z 0 [Note] Shutting down plugin 'BLACKHOLE'
2022-01-19T12:26:18.819862Z 0 [Note] Shutting down plugin 'ARCHIVE'
2022-01-19T12:26:18.820243Z 0 [Note] Shutting down plugin 'PERFORMANCE_SCHEMA'
2022-01-19T12:26:18.820718Z 0 [Note] Shutting down plugin 'MRG_MYISAM'
2022-01-19T12:26:18.821136Z 0 [Note] Shutting down plugin 'MyISAM'
2022-01-19T12:26:18.821535Z 0 [Note] Shutting down plugin 'INNODB_SYS_VIRTUAL'
2022-01-19T12:26:18.821989Z 0 [Note] Shutting down plugin 'INNODB_SYS_DATAFILES'
2022-01-19T12:26:18.822525Z 0 [Note] Shutting down plugin 'INNODB_SYS_TABLESPACES'
2022-01-19T12:26:18.822998Z 0 [Note] Shutting down plugin 'INNODB_SYS_FOREIGN_COLS'
2022-01-19T12:26:18.823473Z 0 [Note] Shutting down plugin 'INNODB_SYS_FOREIGN'
2022-01-19T12:26:18.823915Z 0 [Note] Shutting down plugin 'INNODB_SYS_FIELDS'
2022-01-19T12:26:18.824349Z 0 [Note] Shutting down plugin 'INNODB_SYS_COLUMNS'
2022-01-19T12:26:18.824795Z 0 [Note] Shutting down plugin 'INNODB_SYS_INDEXES'
2022-01-19T12:26:18.825238Z 0 [Note] Shutting down plugin 'INNODB_SYS_TABLESTATS'
2022-01-19T12:26:18.825700Z 0 [Note] Shutting down plugin 'INNODB_SYS_TABLES'
2022-01-19T12:26:18.826135Z 0 [Note] Shutting down plugin 'INNODB_FT_INDEX_TABLE'
2022-01-19T12:26:18.826594Z 0 [Note] Shutting down plugin 'INNODB_FT_INDEX_CACHE'
2022-01-19T12:26:18.827052Z 0 [Note] Shutting down plugin 'INNODB_FT_CONFIG'
2022-01-19T12:26:18.827484Z 0 [Note] Shutting down plugin 'INNODB_FT_BEING_DELETED'
2022-01-19T12:26:18.827962Z 0 [Note] Shutting down plugin 'INNODB_FT_DELETED'
2022-01-19T12:26:18.828403Z 0 [Note] Shutting down plugin 'INNODB_FT_DEFAULT_STOPWORD'
2022-01-19T12:26:18.828889Z 0 [Note] Shutting down plugin 'INNODB_METRICS'
2022-01-19T12:26:18.829312Z 0 [Note] Shutting down plugin 'INNODB_TEMP_TABLE_INFO'
2022-01-19T12:26:18.829846Z 0 [Note] Shutting down plugin 'INNODB_BUFFER_POOL_STATS'
2022-01-19T12:26:18.830321Z 0 [Note] Shutting down plugin 'INNODB_BUFFER_PAGE_LRU'
2022-01-19T12:26:18.830786Z 0 [Note] Shutting down plugin 'INNODB_BUFFER_PAGE'
2022-01-19T12:26:18.831229Z 0 [Note] Shutting down plugin 'INNODB_CMP_PER_INDEX_RESET'
2022-01-19T12:26:18.831711Z 0 [Note] Shutting down plugin 'INNODB_CMP_PER_INDEX'
2022-01-19T12:26:18.832159Z 0 [Note] Shutting down plugin 'INNODB_CMPMEM_RESET'
2022-01-19T12:26:18.832606Z 0 [Note] Shutting down plugin 'INNODB_CMPMEM'
2022-01-19T12:26:18.833018Z 0 [Note] Shutting down plugin 'INNODB_CMP_RESET'
2022-01-19T12:26:18.833446Z 0 [Note] Shutting down plugin 'INNODB_CMP'
2022-01-19T12:26:18.833838Z 0 [Note] Shutting down plugin 'INNODB_LOCK_WAITS'
2022-01-19T12:26:18.834268Z 0 [Note] Shutting down plugin 'INNODB_LOCKS'
2022-01-19T12:26:18.834671Z 0 [Note] Shutting down plugin 'INNODB_TRX'
2022-01-19T12:26:18.835063Z 0 [Note] Shutting down plugin 'InnoDB'
2022-01-19T12:26:18.835473Z 0 [Note] InnoDB: FTS optimize thread exiting.
2022-01-19T12:26:18.835917Z 0 [Note] InnoDB: Starting shutdown...
2022-01-19T12:26:18.940636Z 0 [Note] InnoDB: Dumping buffer pool(s) to D:\DevWork\Git\sandbox\mysql\ib_buffer_pool
2022-01-19T12:26:18.943664Z 0 [Note] InnoDB: Buffer pool(s) dump completed at 220119 13:26:18
2022-01-19T12:26:19.599861Z 0 [Note] InnoDB: Shutdown completed; log sequence number 3179310
2022-01-19T12:26:19.600820Z 0 [Note] InnoDB: Removed temporary tablespace data file: "ibtmp1"
2022-01-19T12:26:19.601370Z 0 [Note] Shutting down plugin 'MEMORY'
2022-01-19T12:26:19.601757Z 0 [Note] Shutting down plugin 'CSV'
2022-01-19T12:26:19.602124Z 0 [Note] Shutting down plugin 'sha256_password'
2022-01-19T12:26:19.602581Z 0 [Note] Shutting down plugin 'mysql_native_password'
2022-01-19T12:26:19.603177Z 0 [Note] Shutting down plugin 'binlog'
2022-01-19T12:26:19.605870Z 0 [Note] D:\DevWork\laragon\bin\mysql\mysql-5.7.33-winx64\bin\mysqld: Shutdown complete

