2022-01-18T18:35:14.976613Z 0 [Warning] Insecure configuration for --secure-file-priv: Current value does not restrict location of generated files. Consider setting it to a valid, non-empty path.
2022-01-18T18:35:14.976983Z 0 [Note] C:\laragon\bin\mysql\mysql-5.7.33-winx64\bin\mysqld (mysqld 5.7.33) starting as process 18112 ...
2022-01-18T18:35:14.997740Z 0 [Note] InnoDB: Mutexes and rw_locks use Windows interlocked functions
2022-01-18T18:35:14.999873Z 0 [Note] InnoDB: Uses event mutexes
2022-01-18T18:35:15.001145Z 0 [Note] InnoDB: _mm_lfence() and _mm_sfence() are used for memory barrier
2022-01-18T18:35:15.003124Z 0 [Note] InnoDB: Compressed tables use zlib 1.2.11
2022-01-18T18:35:15.005030Z 0 [Note] InnoDB: Number of pools: 1
2022-01-18T18:35:15.006421Z 0 [Note] InnoDB: Not using CPU crc32 instructions
2022-01-18T18:35:15.009537Z 0 [Note] InnoDB: Initializing buffer pool, total size = 128M, instances = 1, chunk size = 128M
2022-01-18T18:35:15.016022Z 0 [Note] InnoDB: Completed initialization of buffer pool
2022-01-18T18:35:15.043302Z 0 [Note] InnoDB: Highest supported file format is Barracuda.
2022-01-18T18:35:15.088230Z 0 [Note] InnoDB: Creating shared tablespace for temporary tables
2022-01-18T18:35:15.089110Z 0 [Note] InnoDB: Setting file '.\ibtmp1' size to 12 MB. Physically writing the file full; Please wait ...
2022-01-18T18:35:15.117091Z 0 [Note] InnoDB: File '.\ibtmp1' size is now 12 MB.
2022-01-18T18:35:15.124440Z 0 [Note] InnoDB: 96 redo rollback segment(s) found. 96 redo rollback segment(s) are active.
2022-01-18T18:35:15.125286Z 0 [Note] InnoDB: 32 non-redo rollback segment(s) are active.
2022-01-18T18:35:15.126189Z 0 [Note] InnoDB: Waiting for purge to start
2022-01-18T18:35:15.192049Z 0 [Note] InnoDB: 5.7.33 started; log sequence number 2746965
2022-01-18T18:35:15.192996Z 0 [Note] InnoDB: Loading buffer pool(s) from D:\DevWork\Git\sandbox\mysql\ib_buffer_pool
2022-01-18T18:35:15.193074Z 0 [Note] Plugin 'FEDERATED' is disabled.
2022-01-18T18:35:15.201846Z 0 [Note] Found ca.pem, server-cert.pem and server-key.pem in data directory. Trying to enable SSL support using them.
2022-01-18T18:35:15.202822Z 0 [Note] Skipping generation of SSL certificates as certificate files are present in data directory.
2022-01-18T18:35:15.204963Z 0 [Warning] CA certificate ca.pem is self signed.
2022-01-18T18:35:15.205620Z 0 [Note] Skipping generation of RSA key pair as key files are present in data directory.
2022-01-18T18:35:15.206570Z 0 [Note] Server hostname (bind-address): '*'; port: 3306
2022-01-18T18:35:15.206607Z 0 [Note] InnoDB: Buffer pool(s) load completed at 220118 19:35:15
2022-01-18T18:35:15.207278Z 0 [Note] IPv6 is available.
2022-01-18T18:35:15.207992Z 0 [Note]   - '::' resolves to '::';
2022-01-18T18:35:15.208471Z 0 [Note] Server socket created on IP: '::'.
2022-01-18T18:35:15.241753Z 0 [Note] Event Scheduler: Loaded 0 events
2022-01-18T18:35:15.242427Z 0 [Note] C:\laragon\bin\mysql\mysql-5.7.33-winx64\bin\mysqld: ready for connections.
Version: '5.7.33'  socket: ''  port: 3306  MySQL Community Server (GPL)
2022-01-18T18:37:34.198442Z 0 [Warning] Insecure configuration for --secure-file-priv: Current value does not restrict location of generated files. Consider setting it to a valid, non-empty path.
2022-01-18T18:37:34.198826Z 0 [Note] C:\laragon\bin\mysql\mysql-5.7.33-winx64\bin\mysqld (mysqld 5.7.33) starting as process 18556 ...
2022-01-18T18:37:34.223971Z 0 [Note] InnoDB: Mutexes and rw_locks use Windows interlocked functions
2022-01-18T18:37:34.224746Z 0 [Note] InnoDB: Uses event mutexes
2022-01-18T18:37:34.225182Z 0 [Note] InnoDB: _mm_lfence() and _mm_sfence() are used for memory barrier
2022-01-18T18:37:34.225835Z 0 [Note] InnoDB: Compressed tables use zlib 1.2.11
2022-01-18T18:37:34.226734Z 0 [Note] InnoDB: Number of pools: 1
2022-01-18T18:37:34.227275Z 0 [Note] InnoDB: Not using CPU crc32 instructions
2022-01-18T18:37:34.230590Z 0 [Note] InnoDB: Initializing buffer pool, total size = 128M, instances = 1, chunk size = 128M
2022-01-18T18:37:34.238147Z 0 [Note] InnoDB: Completed initialization of buffer pool
2022-01-18T18:37:34.259492Z 0 [ERROR] InnoDB: The innodb_system data file 'ibdata1' must be writable
2022-01-18T18:37:34.260431Z 0 [ERROR] InnoDB: The innodb_system data file 'ibdata1' must be writable
2022-01-18T18:37:34.261269Z 0 [ERROR] InnoDB: Plugin initialization aborted with error Generic error
2022-01-18T18:37:34.477684Z 0 [ERROR] Plugin 'InnoDB' init function returned error.
2022-01-18T18:37:34.478347Z 0 [ERROR] Plugin 'InnoDB' registration as a STORAGE ENGINE failed.
2022-01-18T18:37:34.478958Z 0 [ERROR] Failed to initialize builtin plugins.
2022-01-18T18:37:34.479454Z 0 [ERROR] Aborting

2022-01-18T18:37:34.479822Z 0 [Note] Binlog end
2022-01-18T18:37:34.480191Z 0 [Note] Shutting down plugin 'CSV'
2022-01-18T18:37:34.484240Z 0 [Note] C:\laragon\bin\mysql\mysql-5.7.33-winx64\bin\mysqld: Shutdown complete

2022-01-18T18:37:43.101149Z 0 [Warning] Insecure configuration for --secure-file-priv: Current value does not restrict location of generated files. Consider setting it to a valid, non-empty path.
2022-01-18T18:37:43.101579Z 0 [Note] C:\laragon\bin\mysql\mysql-5.7.33-winx64\bin\mysqld (mysqld 5.7.33) starting as process 13116 ...
2022-01-18T18:37:43.119674Z 0 [Note] InnoDB: Mutexes and rw_locks use Windows interlocked functions
2022-01-18T18:37:43.120481Z 0 [Note] InnoDB: Uses event mutexes
2022-01-18T18:37:43.120914Z 0 [Note] InnoDB: _mm_lfence() and _mm_sfence() are used for memory barrier
2022-01-18T18:37:43.121923Z 0 [Note] InnoDB: Compressed tables use zlib 1.2.11
2022-01-18T18:37:43.122943Z 0 [Note] InnoDB: Number of pools: 1
2022-01-18T18:37:43.123670Z 0 [Note] InnoDB: Not using CPU crc32 instructions
2022-01-18T18:37:43.126836Z 0 [Note] InnoDB: Initializing buffer pool, total size = 128M, instances = 1, chunk size = 128M
2022-01-18T18:37:43.133571Z 0 [Note] InnoDB: Completed initialization of buffer pool
2022-01-18T18:37:43.154356Z 0 [ERROR] InnoDB: The innodb_system data file 'ibdata1' must be writable
2022-01-18T18:37:43.155122Z 0 [ERROR] InnoDB: The innodb_system data file 'ibdata1' must be writable
2022-01-18T18:37:43.155773Z 0 [ERROR] InnoDB: Plugin initialization aborted with error Generic error
2022-01-18T18:37:43.377355Z 0 [ERROR] Plugin 'InnoDB' init function returned error.
2022-01-18T18:37:43.378009Z 0 [ERROR] Plugin 'InnoDB' registration as a STORAGE ENGINE failed.
2022-01-18T18:37:43.378616Z 0 [ERROR] Failed to initialize builtin plugins.
2022-01-18T18:37:43.379114Z 0 [ERROR] Aborting

2022-01-18T18:37:43.379455Z 0 [Note] Binlog end
2022-01-18T18:37:43.379821Z 0 [Note] Shutting down plugin 'CSV'
2022-01-18T18:37:43.384117Z 0 [Note] C:\laragon\bin\mysql\mysql-5.7.33-winx64\bin\mysqld: Shutdown complete

2022-01-18T18:37:50.772007Z 0 [Note] C:\laragon\bin\mysql\mysql-5.7.33-winx64\bin\mysqld: Normal shutdown

2022-01-18T18:37:50.772837Z 0 [Note] Giving 0 client threads a chance to die gracefully
2022-01-18T18:37:50.773339Z 0 [Note] Shutting down slave threads
2022-01-18T18:37:50.773717Z 0 [Note] Forcefully disconnecting 0 remaining clients
2022-01-18T18:37:50.774166Z 0 [Note] Event Scheduler: Purging the queue. 0 events
2022-01-18T18:37:50.774804Z 0 [Note] Binlog end
2022-01-18T18:37:50.775523Z 0 [Note] Shutting down plugin 'ngram'
2022-01-18T18:37:50.775957Z 0 [Note] Shutting down plugin 'partition'
2022-01-18T18:37:50.776382Z 0 [Note] Shutting down plugin 'BLACKHOLE'
2022-01-18T18:37:50.776777Z 0 [Note] Shutting down plugin 'ARCHIVE'
2022-01-18T18:37:50.777145Z 0 [Note] Shutting down plugin 'PERFORMANCE_SCHEMA'
2022-01-18T18:37:50.777626Z 0 [Note] Shutting down plugin 'MRG_MYISAM'
2022-01-18T18:37:50.778038Z 0 [Note] Shutting down plugin 'MyISAM'
2022-01-18T18:37:50.778420Z 0 [Note] Shutting down plugin 'INNODB_SYS_VIRTUAL'
2022-01-18T18:37:50.778851Z 0 [Note] Shutting down plugin 'INNODB_SYS_DATAFILES'
2022-01-18T18:37:50.779300Z 0 [Note] Shutting down plugin 'INNODB_SYS_TABLESPACES'
2022-01-18T18:37:50.779749Z 0 [Note] Shutting down plugin 'INNODB_SYS_FOREIGN_COLS'
2022-01-18T18:37:50.780198Z 0 [Note] Shutting down plugin 'INNODB_SYS_FOREIGN'
2022-01-18T18:37:50.780701Z 0 [Note] Shutting down plugin 'INNODB_SYS_FIELDS'
2022-01-18T18:37:50.781119Z 0 [Note] Shutting down plugin 'INNODB_SYS_COLUMNS'
2022-01-18T18:37:50.781545Z 0 [Note] Shutting down plugin 'INNODB_SYS_INDEXES'
2022-01-18T18:37:50.781967Z 0 [Note] Shutting down plugin 'INNODB_SYS_TABLESTATS'
2022-01-18T18:37:50.782407Z 0 [Note] Shutting down plugin 'INNODB_SYS_TABLES'
2022-01-18T18:37:50.782824Z 0 [Note] Shutting down plugin 'INNODB_FT_INDEX_TABLE'
2022-01-18T18:37:50.783262Z 0 [Note] Shutting down plugin 'INNODB_FT_INDEX_CACHE'
2022-01-18T18:37:50.783700Z 0 [Note] Shutting down plugin 'INNODB_FT_CONFIG'
2022-01-18T18:37:50.784111Z 0 [Note] Shutting down plugin 'INNODB_FT_BEING_DELETED'
2022-01-18T18:37:50.784563Z 0 [Note] Shutting down plugin 'INNODB_FT_DELETED'
2022-01-18T18:37:50.784979Z 0 [Note] Shutting down plugin 'INNODB_FT_DEFAULT_STOPWORD'
2022-01-18T18:37:50.785450Z 0 [Note] Shutting down plugin 'INNODB_METRICS'
2022-01-18T18:37:50.785851Z 0 [Note] Shutting down plugin 'INNODB_TEMP_TABLE_INFO'
2022-01-18T18:37:50.786294Z 0 [Note] Shutting down plugin 'INNODB_BUFFER_POOL_STATS'
2022-01-18T18:37:50.786749Z 0 [Note] Shutting down plugin 'INNODB_BUFFER_PAGE_LRU'
2022-01-18T18:37:50.787192Z 0 [Note] Shutting down plugin 'INNODB_BUFFER_PAGE'
2022-01-18T18:37:50.787646Z 0 [Note] Shutting down plugin 'INNODB_CMP_PER_INDEX_RESET'
2022-01-18T18:37:50.788331Z 0 [Note] Shutting down plugin 'INNODB_CMP_PER_INDEX'
2022-01-18T18:37:50.788766Z 0 [Note] Shutting down plugin 'INNODB_CMPMEM_RESET'
2022-01-18T18:37:50.789203Z 0 [Note] Shutting down plugin 'INNODB_CMPMEM'
2022-01-18T18:37:50.789603Z 0 [Note] Shutting down plugin 'INNODB_CMP_RESET'
2022-01-18T18:37:50.790015Z 0 [Note] Shutting down plugin 'INNODB_CMP'
2022-01-18T18:37:50.790397Z 0 [Note] Shutting down plugin 'INNODB_LOCK_WAITS'
2022-01-18T18:37:50.790815Z 0 [Note] Shutting down plugin 'INNODB_LOCKS'
2022-01-18T18:37:50.791205Z 0 [Note] Shutting down plugin 'INNODB_TRX'
2022-01-18T18:37:50.791587Z 0 [Note] Shutting down plugin 'InnoDB'
2022-01-18T18:37:50.791988Z 0 [Note] InnoDB: FTS optimize thread exiting.
2022-01-18T18:37:50.792451Z 0 [Note] InnoDB: Starting shutdown...
2022-01-18T18:37:50.899581Z 0 [Note] InnoDB: Dumping buffer pool(s) to D:\DevWork\Git\sandbox\mysql\ib_buffer_pool
2022-01-18T18:37:50.900782Z 0 [Note] InnoDB: Buffer pool(s) dump completed at 220118 19:37:50
2022-01-18T18:37:51.791069Z 0 [Note] InnoDB: Shutdown completed; log sequence number 2746993
2022-01-18T18:37:51.791813Z 0 [Note] InnoDB: Removed temporary tablespace data file: "ibtmp1"
2022-01-18T18:37:51.792330Z 0 [Note] Shutting down plugin 'MEMORY'
2022-01-18T18:37:51.792695Z 0 [Note] Shutting down plugin 'CSV'
2022-01-18T18:37:51.793044Z 0 [Note] Shutting down plugin 'sha256_password'
2022-01-18T18:37:51.793456Z 0 [Note] Shutting down plugin 'mysql_native_password'
2022-01-18T18:37:51.794010Z 0 [Note] Shutting down plugin 'binlog'
2022-01-18T18:37:51.798312Z 0 [Note] C:\laragon\bin\mysql\mysql-5.7.33-winx64\bin\mysqld: Shutdown complete

2022-01-18T18:37:53.254460Z 0 [Warning] Insecure configuration for --secure-file-priv: Current value does not restrict location of generated files. Consider setting it to a valid, non-empty path.
2022-01-18T18:37:53.254841Z 0 [Note] C:\laragon\bin\mysql\mysql-5.7.33-winx64\bin\mysqld (mysqld 5.7.33) starting as process 9192 ...
2022-01-18T18:37:53.270687Z 0 [Note] InnoDB: Mutexes and rw_locks use Windows interlocked functions
2022-01-18T18:37:53.271519Z 0 [Note] InnoDB: Uses event mutexes
2022-01-18T18:37:53.271955Z 0 [Note] InnoDB: _mm_lfence() and _mm_sfence() are used for memory barrier
2022-01-18T18:37:53.272594Z 0 [Note] InnoDB: Compressed tables use zlib 1.2.11
2022-01-18T18:37:53.273419Z 0 [Note] InnoDB: Number of pools: 1
2022-01-18T18:37:53.273983Z 0 [Note] InnoDB: Not using CPU crc32 instructions
2022-01-18T18:37:53.277251Z 0 [Note] InnoDB: Initializing buffer pool, total size = 128M, instances = 1, chunk size = 128M
2022-01-18T18:37:53.283620Z 0 [Note] InnoDB: Completed initialization of buffer pool
2022-01-18T18:37:53.320060Z 0 [Note] InnoDB: Highest supported file format is Barracuda.
2022-01-18T18:37:53.363800Z 0 [Note] InnoDB: Creating shared tablespace for temporary tables
2022-01-18T18:37:53.364742Z 0 [Note] InnoDB: Setting file '.\ibtmp1' size to 12 MB. Physically writing the file full; Please wait ...
2022-01-18T18:37:53.392561Z 0 [Note] InnoDB: File '.\ibtmp1' size is now 12 MB.
2022-01-18T18:37:53.400110Z 0 [Note] InnoDB: 96 redo rollback segment(s) found. 96 redo rollback segment(s) are active.
2022-01-18T18:37:53.400967Z 0 [Note] InnoDB: 32 non-redo rollback segment(s) are active.
2022-01-18T18:37:53.401918Z 0 [Note] InnoDB: Waiting for purge to start
2022-01-18T18:37:53.467178Z 0 [Note] InnoDB: 5.7.33 started; log sequence number 2746993
2022-01-18T18:37:53.468233Z 0 [Note] InnoDB: Loading buffer pool(s) from D:\DevWork\Git\sandbox\mysql\ib_buffer_pool
2022-01-18T18:37:53.468264Z 0 [Note] Plugin 'FEDERATED' is disabled.
2022-01-18T18:37:53.478898Z 0 [Note] Found ca.pem, server-cert.pem and server-key.pem in data directory. Trying to enable SSL support using them.
2022-01-18T18:37:53.479897Z 0 [Note] Skipping generation of SSL certificates as certificate files are present in data directory.
2022-01-18T18:37:53.482127Z 0 [Warning] CA certificate ca.pem is self signed.
2022-01-18T18:37:53.482819Z 0 [Note] Skipping generation of RSA key pair as key files are present in data directory.
2022-01-18T18:37:53.483757Z 0 [Note] Server hostname (bind-address): '*'; port: 3306
2022-01-18T18:37:53.484494Z 0 [Note] IPv6 is available.
2022-01-18T18:37:53.485135Z 0 [Note]   - '::' resolves to '::';
2022-01-18T18:37:53.485278Z 0 [Note] InnoDB: Buffer pool(s) load completed at 220118 19:37:53
2022-01-18T18:37:53.485619Z 0 [Note] Server socket created on IP: '::'.
2022-01-18T18:37:53.515251Z 0 [Note] Event Scheduler: Loaded 0 events
2022-01-18T18:37:53.515975Z 0 [Note] C:\laragon\bin\mysql\mysql-5.7.33-winx64\bin\mysqld: ready for connections.
Version: '5.7.33'  socket: ''  port: 3306  MySQL Community Server (GPL)
2022-01-18T18:37:59.363435Z 0 [Note] C:\laragon\bin\mysql\mysql-5.7.33-winx64\bin\mysqld: Normal shutdown

2022-01-18T18:37:59.364272Z 0 [Note] Giving 0 client threads a chance to die gracefully
2022-01-18T18:37:59.364798Z 0 [Note] Shutting down slave threads
2022-01-18T18:37:59.365164Z 0 [Note] Forcefully disconnecting 0 remaining clients
2022-01-18T18:37:59.365618Z 0 [Note] Event Scheduler: Purging the queue. 0 events
2022-01-18T18:37:59.366256Z 0 [Note] Binlog end
2022-01-18T18:37:59.366941Z 0 [Note] Shutting down plugin 'ngram'
2022-01-18T18:37:59.367462Z 0 [Note] Shutting down plugin 'partition'
2022-01-18T18:37:59.368011Z 0 [Note] Shutting down plugin 'BLACKHOLE'
2022-01-18T18:37:59.368531Z 0 [Note] Shutting down plugin 'ARCHIVE'
2022-01-18T18:37:59.369005Z 0 [Note] Shutting down plugin 'PERFORMANCE_SCHEMA'
2022-01-18T18:37:59.369607Z 0 [Note] Shutting down plugin 'MRG_MYISAM'
2022-01-18T18:37:59.370114Z 0 [Note] Shutting down plugin 'MyISAM'
2022-01-18T18:37:59.370637Z 0 [Note] Shutting down plugin 'INNODB_SYS_VIRTUAL'
2022-01-18T18:37:59.371097Z 0 [Note] Shutting down plugin 'INNODB_SYS_DATAFILES'
2022-01-18T18:37:59.371542Z 0 [Note] Shutting down plugin 'INNODB_SYS_TABLESPACES'
2022-01-18T18:37:59.372017Z 0 [Note] Shutting down plugin 'INNODB_SYS_FOREIGN_COLS'
2022-01-18T18:37:59.372476Z 0 [Note] Shutting down plugin 'INNODB_SYS_FOREIGN'
2022-01-18T18:37:59.372916Z 0 [Note] Shutting down plugin 'INNODB_SYS_FIELDS'
2022-01-18T18:37:59.373339Z 0 [Note] Shutting down plugin 'INNODB_SYS_COLUMNS'
2022-01-18T18:37:59.373768Z 0 [Note] Shutting down plugin 'INNODB_SYS_INDEXES'
2022-01-18T18:37:59.374198Z 0 [Note] Shutting down plugin 'INNODB_SYS_TABLESTATS'
2022-01-18T18:37:59.374644Z 0 [Note] Shutting down plugin 'INNODB_SYS_TABLES'
2022-01-18T18:37:59.375066Z 0 [Note] Shutting down plugin 'INNODB_FT_INDEX_TABLE'
2022-01-18T18:37:59.375514Z 0 [Note] Shutting down plugin 'INNODB_FT_INDEX_CACHE'
2022-01-18T18:37:59.376054Z 0 [Note] Shutting down plugin 'INNODB_FT_CONFIG'
2022-01-18T18:37:59.376483Z 0 [Note] Shutting down plugin 'INNODB_FT_BEING_DELETED'
2022-01-18T18:37:59.376945Z 0 [Note] Shutting down plugin 'INNODB_FT_DELETED'
2022-01-18T18:37:59.377375Z 0 [Note] Shutting down plugin 'INNODB_FT_DEFAULT_STOPWORD'
2022-01-18T18:37:59.377861Z 0 [Note] Shutting down plugin 'INNODB_METRICS'
2022-01-18T18:37:59.378276Z 0 [Note] Shutting down plugin 'INNODB_TEMP_TABLE_INFO'
2022-01-18T18:37:59.378738Z 0 [Note] Shutting down plugin 'INNODB_BUFFER_POOL_STATS'
2022-01-18T18:37:59.379207Z 0 [Note] Shutting down plugin 'INNODB_BUFFER_PAGE_LRU'
2022-01-18T18:37:59.379671Z 0 [Note] Shutting down plugin 'INNODB_BUFFER_PAGE'
2022-01-18T18:37:59.380105Z 0 [Note] Shutting down plugin 'INNODB_CMP_PER_INDEX_RESET'
2022-01-18T18:37:59.380583Z 0 [Note] Shutting down plugin 'INNODB_CMP_PER_INDEX'
2022-01-18T18:37:59.381027Z 0 [Note] Shutting down plugin 'INNODB_CMPMEM_RESET'
2022-01-18T18:37:59.381461Z 0 [Note] Shutting down plugin 'INNODB_CMPMEM'
2022-01-18T18:37:59.381871Z 0 [Note] Shutting down plugin 'INNODB_CMP_RESET'
2022-01-18T18:37:59.382295Z 0 [Note] Shutting down plugin 'INNODB_CMP'
2022-01-18T18:37:59.382684Z 0 [Note] Shutting down plugin 'INNODB_LOCK_WAITS'
2022-01-18T18:37:59.383113Z 0 [Note] Shutting down plugin 'INNODB_LOCKS'
2022-01-18T18:37:59.383514Z 0 [Note] Shutting down plugin 'INNODB_TRX'
2022-01-18T18:37:59.383905Z 0 [Note] Shutting down plugin 'InnoDB'
2022-01-18T18:37:59.384308Z 0 [Note] InnoDB: FTS optimize thread exiting.
2022-01-18T18:37:59.384766Z 0 [Note] InnoDB: Starting shutdown...
2022-01-18T18:37:59.494782Z 0 [Note] InnoDB: Dumping buffer pool(s) to D:\DevWork\Git\sandbox\mysql\ib_buffer_pool
2022-01-18T18:37:59.496038Z 0 [Note] InnoDB: Buffer pool(s) dump completed at 220118 19:37:59
2022-01-18T18:38:00.599885Z 0 [Note] InnoDB: Shutdown completed; log sequence number 2747021
2022-01-18T18:38:00.600721Z 0 [Note] InnoDB: Removed temporary tablespace data file: "ibtmp1"
2022-01-18T18:38:00.601242Z 0 [Note] Shutting down plugin 'MEMORY'
2022-01-18T18:38:00.601612Z 0 [Note] Shutting down plugin 'CSV'
2022-01-18T18:38:00.601963Z 0 [Note] Shutting down plugin 'sha256_password'
2022-01-18T18:38:00.602377Z 0 [Note] Shutting down plugin 'mysql_native_password'
2022-01-18T18:38:00.602938Z 0 [Note] Shutting down plugin 'binlog'
2022-01-18T18:38:00.607438Z 0 [Note] C:\laragon\bin\mysql\mysql-5.7.33-winx64\bin\mysqld: Shutdown complete

